0 info it worked if it ends with ok
1 verbose cli [ 'C:\\Program Files\\nodejs\\node.exe',
1 verbose cli   'C:\\Program Files\\nodejs\\node_modules\\npm\\bin\\npm-cli.js',
1 verbose cli   'start' ]
2 info using npm@3.10.10
3 info using node@v6.9.5
4 verbose run-script [ 'prestart', 'start', 'poststart' ]
5 info lifecycle expresswithejs@0.0.0~prestart: expresswithejs@0.0.0
6 silly lifecycle expresswithejs@0.0.0~prestart: no script for prestart, continuing
7 info lifecycle expresswithejs@0.0.0~start: expresswithejs@0.0.0
8 verbose lifecycle expresswithejs@0.0.0~start: unsafe-perm in lifecycle true
9 verbose lifecycle expresswithejs@0.0.0~start: PATH: C:\Program Files\nodejs\node_modules\npm\bin\node-gyp-bin;C:\Users\Anders Vestergaard\Documents\Visual Studio Code Test\ExpressWithEjs\node_modules\.bin;C:\Program Files (x86)\Chez Scheme Version 8.4\bin\a6nt;C:\Program Files\Common Files\Microsoft Shared\Windows Live;C:\Program Files (x86)\Common Files\Microsoft Shared\Windows Live;C:\Windows\system32;C:\Windows;C:\Windows\System32\Wbem;C:\Windows\System32\WindowsPowerShell\v1.0\;C:\Program Files (x86)\Windows Live\Shared;C:\Program Files (x86)\Microsoft ASP.NET\ASP.NET Web Pages\v1.0\;C:\Program Files\Microsoft SQL Server\110\Tools\Binn\;C:\Program Files\Java\jdk1.7.0_05\bin\;C:\Program Files (x86)\Notepad++;C:\Program Files\TortoiseSVN\bin;C:\Program Files (x86)\Graphviz2.30\bin;C:\Program Files (x86)\MySQL\MySQL Utilities 1.3.4\;C:\Program Files (x86)\Common Files\Teleca Shared;C:\Users\Anders Vestergaard\epclie\apache-ant-1.9.2\bin;C:\Program Files\SASHome\Secure\ccme4;C:\Program Files\SASHome\x86\Secure\ccme4;C:\Program Files\Microsoft SQL Server\120\Tools\Binn\;C:\Program Files\Microsoft\Web Platform Installer\;C:\Windows\system32\config\systemprofile\.dnx\bin;C:\Program Files\Microsoft DNX\Dnvm\;C:\Program Files (x86)\Windows Kits\10\Windows Performance Toolkit\;C:\Program Files\nodejs\;C:\Program Files\Git\cmd;C:\Program Files\MongoDB\Server\3.4\bin;C:\Program Files (x86)\Skype\Phone\;C:\Program Files\Latex\miktex\bin\x64\;C:\Program Files (x86)\Microsoft VS Code\bin;C:\Users\Anders Vestergaard\AppData\Roaming\npm
10 verbose lifecycle expresswithejs@0.0.0~start: CWD: C:\Users\Anders Vestergaard\Documents\Visual Studio Code Test\ExpressWithEjs
11 silly lifecycle expresswithejs@0.0.0~start: Args: [ '/d /s /c', 'node ./bin/www' ]
12 silly lifecycle expresswithejs@0.0.0~start: Returned: code: 1  signal: null
13 info lifecycle expresswithejs@0.0.0~start: Failed to exec start script
14 verbose stack Error: expresswithejs@0.0.0 start: `node ./bin/www`
14 verbose stack Exit status 1
14 verbose stack     at EventEmitter.<anonymous> (C:\Program Files\nodejs\node_modules\npm\lib\utils\lifecycle.js:255:16)
14 verbose stack     at emitTwo (events.js:106:13)
14 verbose stack     at EventEmitter.emit (events.js:191:7)
14 verbose stack     at ChildProcess.<anonymous> (C:\Program Files\nodejs\node_modules\npm\lib\utils\spawn.js:40:14)
14 verbose stack     at emitTwo (events.js:106:13)
14 verbose stack     at ChildProcess.emit (events.js:191:7)
14 verbose stack     at maybeClose (internal/child_process.js:877:16)
14 verbose stack     at Process.ChildProcess._handle.onexit (internal/child_process.js:226:5)
15 verbose pkgid expresswithejs@0.0.0
16 verbose cwd C:\Users\Anders Vestergaard\Documents\Visual Studio Code Test\ExpressWithEjs
17 error Windows_NT 6.1.7601
18 error argv "C:\\Program Files\\nodejs\\node.exe" "C:\\Program Files\\nodejs\\node_modules\\npm\\bin\\npm-cli.js" "start"
19 error node v6.9.5
20 error npm  v3.10.10
21 error code ELIFECYCLE
22 error expresswithejs@0.0.0 start: `node ./bin/www`
22 error Exit status 1
23 error Failed at the expresswithejs@0.0.0 start script 'node ./bin/www'.
23 error Make sure you have the latest version of node.js and npm installed.
23 error If you do, this is most likely a problem with the expresswithejs package,
23 error not with npm itself.
23 error Tell the author that this fails on your system:
23 error     node ./bin/www
23 error You can get information on how to open an issue for this project with:
23 error     npm bugs expresswithejs
23 error Or if that isn't available, you can get their info via:
23 error     npm owner ls expresswithejs
23 error There is likely additional logging output above.
24 verbose exit [ 1, true ]
